<?xml version="1.0" encoding="UTF-8" standalone="no"?><testsuite errors="0" failures="1" name="Búsqueda de contenido en Spotify" skipped="0" tests="1" time="14.24" timestamp="2025-11-16 06:37:21"><testcase name="Búsqueda de canciones/artistas"><failure message="Expected:  that is true&#10;Actual:   false" type="java.lang.AssertionError">Expected:  that is true
Actual:   false</failure><system-err>Expected:  that is true
Actual:   false
com.castor.stepdefinitions.SearchStepDefinitions.deberiaVisualizarResultadosRelacionadosCon(SearchStepDefinitions.java:31)
✽.debería visualizar resultados relacionados con "Coldplay"(classpath:features/search.feature:8)
</system-err></testcase></testsuite>